12:05:43.086 [main                     ] DEBUG Logger               - Configured Logger
12:05:43.113 [main                     ] DEBUG GameApplication      - Logging settings
Title: FXGL Menu Test
Version: 0.0
Width: 800
Height: 600
Fullscreen: false
Intro: false
Profiling: false
Single step:false
App Mode: DEVELOPER
Menu Key: ESCAPE
Stage Style: DECORATED
Scene Factory: class com.almasb.fxgl.app.scene.SceneFactory

12:05:43.419 [JavaFX Application Thread] DEBUG FXGLApplication      - Initializing FXGL
12:05:43.424 [JavaFX Application Thread] INFO  Engine               - FXGL-21.1 (26.03.2024 17.33) on WINDOWS (J:22.0.2 FX:21.0.8)
12:05:43.425 [JavaFX Application Thread] DEBUG Engine               - JRE Vendor Name: Eclipse Adoptium
12:05:43.425 [JavaFX Application Thread] DEBUG Engine               - Running on OS: Windows 11 version 10.0
12:05:43.425 [JavaFX Application Thread] DEBUG Engine               - Architecture: amd64
12:05:43.425 [JavaFX Application Thread] INFO  Engine               - Source code and latest versions at: https://github.com/AlmasB/FXGL
12:05:43.425 [JavaFX Application Thread] INFO  Engine               -       Ask questions and discuss at: https://github.com/AlmasB/FXGL/discussions
12:05:43.425 [JavaFX Application Thread] INFO  Engine               -              Join the FXGL chat at: https://gitter.im/AlmasB/FXGL
12:05:43.542 [JavaFX Application Thread] DEBUG PrimaryStageWindow   - Creating a JavaFX scene
12:05:43.595 [JavaFX Application Thread] DEBUG PrimaryStageWindow   - Target settings size: 800.0 x 600.0
12:05:43.595 [JavaFX Application Thread] DEBUG PrimaryStageWindow   - Scaled scene size:    800.0 x 600.0
12:05:43.596 [JavaFX Application Thread] DEBUG PrimaryStageWindow   - Scaled ratio: (1.0, 1.0)
12:05:43.597 [JavaFX Application Thread] DEBUG PrimaryStageWindow   - Set initial scene to FXGLStartupScene
12:05:43.603 [JavaFX Application Thread] DEBUG PrimaryStageWindow   - Opening main window
12:05:43.703 [JavaFX Application Thread] DEBUG PrimaryStageWindow   - Window border size: (14.4000244140625, 37.5999755859375)
12:05:43.703 [JavaFX Application Thread] DEBUG PrimaryStageWindow   - Scaled size: 800.0 x 600.0
12:05:43.703 [JavaFX Application Thread] DEBUG PrimaryStageWindow   - Scaled ratio: (1.0, 1.0)
12:05:43.703 [JavaFX Application Thread] DEBUG PrimaryStageWindow   - Scene size: 800.0 x 600.0
12:05:43.703 [JavaFX Application Thread] DEBUG PrimaryStageWindow   - Stage size: 814.4000244140625 x 637.5999755859375
12:05:43.712 [FXGL Background Thread 1 ] DEBUG Engine               - Initializing environment variables
12:05:43.787 [FXGL Background Thread 1 ] DEBUG FXGLAssetLoaderServi - User app class for loading assets: class Main
12:05:43.787 [FXGL Background Thread 1 ] DEBUG GameApplicationServi - Applying CSS: fxgl_dark.css
12:05:43.790 [FXGL Background Thread 1 ] DEBUG FXGLAssetLoaderServi - Loading from file system: jar:file:/C:/Program%20Files/Java/javafx-sdk-21.0.8/lib/fxgl-21.1-uber.jar!/fxglassets/ui/css/fxgl_dark.css
12:05:43.838 [FXGL Background Thread 1 ] DEBUG GameApplicationServi - Initializing application scenes
12:05:43.972 [FXGL Background Thread 1 ] DEBUG GameWorld            - Game world initialized
12:05:44.075 [FXGL Background Thread 1 ] DEBUG PhysicsWorld         - Physics world initialized: appHeight=600, physics.ppm=50.0
12:05:44.076 [FXGL Background Thread 1 ] DEBUG PhysicsWorld         - Using strategy: BRUTE_FORCE
12:05:44.082 [FXGL Background Thread 1 ] DEBUG GameScene            - Game scene initialized: 800x600
12:05:44.100 [FXGL Background Thread 1 ] DEBUG FXGL.DefaultMenu     - createMenuBodyGameMenu()
12:05:44.120 [FXGL Background Thread 1 ] DEBUG FXGL.DefaultMenu     - createOptionsMenu()
12:05:44.137 [FXGL Background Thread 1 ] DEBUG FXGLAssetLoaderServi - Loading from file system: jar:file:/C:/Program%20Files/Java/javafx-sdk-21.0.8/lib/fxgl-21.1-uber.jar!/fxglassets/textures/particles/smoke.png
12:05:44.267 [FXGL Background Thread 1 ] DEBUG FXGLAssetLoaderServi - Loading from file system: jar:file:/C:/Program%20Files/Java/javafx-sdk-21.0.8/lib/fxgl-21.1-uber.jar!/fxglassets/textures/particles/trace_horizontal.png
12:05:44.306 [FXGL Background Thread 1 ] DEBUG GameApplicationServi - Application scenes initialized
12:05:44.323 [FXGL Background Thread 1 ] DEBUG SystemBundleService  - Loading FXGL system data
12:05:44.326 [FXGL Background Thread 1 ] DEBUG FileSystemAccess     - Reading from: C:\Java project\IT\system\fxgl.bundle
12:05:44.334 [FXGL Background Thread 1 ] DEBUG SystemBundleService  - Bundle FXGL: {}
12:05:44.334 [FXGL Background Thread 1 ] DEBUG UpdaterService       - Checking for updates
12:05:44.339 [FXGL Background Thread 4 ] DEBUG FXGLApplication      - Loading fonts
12:05:44.339 [FXGL Background Thread 1 ] DEBUG FXGLApplication      - Loading default localization
12:05:44.340 [FXGL Background Thread 4 ] DEBUG FXGLAssetLoaderServi - Loading from file system: jar:file:/C:/Program%20Files/Java/javafx-sdk-21.0.8/lib/fxgl-21.1-uber.jar!/fxglassets/ui/fonts/VarelaRound-Regular.ttf
12:05:44.340 [FXGL Background Thread 1 ] DEBUG FXGLAssetLoaderServi - Loading from file system: jar:file:/C:/Program%20Files/Java/javafx-sdk-21.0.8/lib/fxgl-21.1-uber.jar!/fxglassets/languages/english.lang
12:05:44.364 [FXGL Background Thread 1 ] INFO  FXGLApplication      - FXGL initialization took: 0.651 sec
12:05:44.366 [JavaFX Application Thread] DEBUG FXGLAssetLoaderServi - Loading from file system: jar:file:/C:/Program%20Files/Java/javafx-sdk-21.0.8/lib/fxgl-21.1-uber.jar!/fxglassets/textures/fxgl_icon.png
12:05:44.397 [JavaFX Application Thread] DEBUG FXGLAssetLoaderServi - Loading from file system: jar:file:/C:/Program%20Files/Java/javafx-sdk-21.0.8/lib/fxgl-21.1-uber.jar!/fxglassets/textures/fxgl_default_cursor.png
12:05:44.417 [JavaFX Application Thread] DEBUG Input                - Registered new binding: Screenshot - CTRL+8
12:05:44.417 [JavaFX Application Thread] DEBUG Input                - Registered new binding: System info dump - CTRL+9
12:05:44.418 [JavaFX Application Thread] DEBUG Input                - Registered new binding: Restart - CTRL+R
12:05:44.419 [JavaFX Application Thread] DEBUG Input                - Registered new binding: Toggle Debug Camera - CTRL+7
12:05:44.424 [JavaFX Application Thread] DEBUG LoopRunner           - Starting loop
12:05:44.424 [JavaFX Application Thread] DEBUG LoopRunner           - Initializing JavaFX AnimationTimerLoop
12:05:44.425 [JavaFX Application Thread] DEBUG GameApplicationServi - Starting new game
12:05:44.427 [JavaFX Application Thread] DEBUG Input                - Clearing active input actions
12:05:44.442 [JavaFX Application Thread] DEBUG GameApplicationServi - Removing overlay from FXGLStartupScene and adding to FXGLLoadingScene
12:05:44.442 [JavaFX Application Thread] DEBUG PrimaryStageWindow   - FXGLStartupScene -> FXGLLoadingScene
12:05:44.442 [JavaFX Application Thread] DEBUG GameApplicationServi - Clearing previous game
12:05:44.442 [JavaFX Application Thread] DEBUG GameScene            - Clearing game scene
12:05:44.442 [JavaFX Application Thread] DEBUG GameWorld            - Clearing game world
12:05:44.443 [JavaFX Application Thread] DEBUG PhysicsWorld         - Clearing physics world
12:05:44.444 [FXGL Background Thread 4 ] DEBUG FXGLAssetLoaderServi - Loading from file system: jar:file:/C:/Program%20Files/Java/javafx-sdk-21.0.8/lib/fxgl-21.1-uber.jar!/fxglassets/ui/fonts/Abel-Regular.ttf
12:05:44.444 [FXGL Background Thread 1 ] DEBUG FXGLApplication      - Initializing game
12:05:44.448 [FXGL Background Thread 1 ] INFO  FXGLApplication      - Game initialization took: 0.003 sec
12:05:44.470 [FXGL Background Thread 4 ] DEBUG FXGLAssetLoaderServi - Loading from file system: jar:file:/C:/Program%20Files/Java/javafx-sdk-21.0.8/lib/fxgl-21.1-uber.jar!/fxglassets/ui/fonts/TerminalLandMono-Regular.otf
12:05:44.488 [FXGL Background Thread 4 ] DEBUG FXGLAssetLoaderServi - Loading from file system: jar:file:/C:/Program%20Files/Java/javafx-sdk-21.0.8/lib/fxgl-21.1-uber.jar!/fxglassets/ui/fonts/Courier-Prime.ttf
12:05:44.516 [JavaFX Application Thread] DEBUG Input                - Clearing active input actions
12:05:44.530 [JavaFX Application Thread] DEBUG GameApplicationServi - Removing overlay from FXGLLoadingScene and adding to GameScene
12:05:44.530 [JavaFX Application Thread] DEBUG PrimaryStageWindow   - FXGLLoadingScene -> GameScene
12:05:44.531 [JavaFX Application Thread] DEBUG FXGLApplication      - Registering font factories with UI factory
12:05:47.338 [FXGL Background Thread 3 ] DEBUG Engine               - Logging environment variables
12:05:47.338 [FXGL Background Thread 3 ] DEBUG Engine               - achievements: []
12:05:47.338 [FXGL Background Thread 3 ] DEBUG Engine               - actualHeight: 600.0
12:05:47.339 [FXGL Background Thread 3 ] DEBUG Engine               - actualHeightProperty: ReadOnlyDoubleProperty [value: 600.0]
12:05:47.339 [FXGL Background Thread 3 ] DEBUG Engine               - actualWidth: 800.0
12:05:47.339 [FXGL Background Thread 3 ] DEBUG Engine               - actualWidthProperty: ReadOnlyDoubleProperty [value: 800.0]
12:05:47.339 [FXGL Background Thread 3 ] DEBUG Engine               - appIcon: fxgl_icon.png
12:05:47.339 [FXGL Background Thread 3 ] DEBUG Engine               - applicationMode: DEVELOPER
12:05:47.339 [FXGL Background Thread 3 ] DEBUG Engine               - cSSList: [fxgl_dark.css]
12:05:47.339 [FXGL Background Thread 3 ] DEBUG Engine               - collisionDetectionStrategy: BRUTE_FORCE
12:05:47.340 [FXGL Background Thread 3 ] DEBUG Engine               - configClass: Optional.empty
12:05:47.340 [FXGL Background Thread 3 ] DEBUG Engine               - credits: []
12:05:47.340 [FXGL Background Thread 3 ] DEBUG Engine               - defaultCursor: CursorInfo(imageName=fxgl_default_cursor.png, hotspotX=7.0, hotspotY=6.0)
12:05:47.341 [FXGL Background Thread 3 ] DEBUG Engine               - devBBoxColorProperty: ObjectProperty [value: 0xff0000ff]
12:05:47.341 [FXGL Background Thread 3 ] DEBUG Engine               - devEnableDebugCameraProperty: BooleanProperty [value: false]
12:05:47.341 [FXGL Background Thread 3 ] DEBUG Engine               - devSensorColorProperty: ObjectProperty [value: 0xffff00ff]
12:05:47.342 [FXGL Background Thread 3 ] DEBUG Engine               - devShowBBoxProperty: BooleanProperty [value: false]
12:05:47.342 [FXGL Background Thread 3 ] DEBUG Engine               - devShowPositionProperty: BooleanProperty [value: false]
12:05:47.342 [FXGL Background Thread 3 ] DEBUG Engine               - enabledMenuItems: []
12:05:47.342 [FXGL Background Thread 3 ] DEBUG Engine               - engineServices: [class com.almasb.fxgl.app.services.FXGLAssetLoaderService, class com.almasb.fxgl.app.FXGLApplication$GameApplicationService, class com.almasb.fxgl.app.services.FXGLDialogService, class com.almasb.fxgl.app.services.IOTaskExecutorService, class com.almasb.fxgl.io.FileSystemService, class com.almasb.fxgl.localization.LocalizationService, class com.almasb.fxgl.app.services.SystemBundleService, class com.almasb.fxgl.profile.SaveLoadService, class com.almasb.fxgl.ui.FXGLUIFactoryServiceProvider, class com.almasb.fxgl.ui.FXGLDialogFactoryServiceProvider, class com.almasb.fxgl.audio.AudioPlayer, class com.almasb.fxgl.notification.impl.NotificationServiceProvider, class com.almasb.fxgl.achievement.AchievementService, class com.almasb.fxgl.cutscene.CutsceneService, class com.almasb.fxgl.minigames.MiniGameService, class com.almasb.fxgl.net.NetService, class com.almasb.fxgl.app.services.UpdaterService, class com.almasb.fxgl.dev.DevService]
12:05:47.342 [FXGL Background Thread 3 ] DEBUG Engine               - fontGame: Abel-Regular.ttf
12:05:47.342 [FXGL Background Thread 3 ] DEBUG Engine               - fontMono: TerminalLandMono-Regular.otf
12:05:47.342 [FXGL Background Thread 3 ] DEBUG Engine               - fontSizeScaleUI: 1.0
12:05:47.342 [FXGL Background Thread 3 ] DEBUG Engine               - fontText: Courier-Prime.ttf
12:05:47.343 [FXGL Background Thread 3 ] DEBUG Engine               - fontUI: VarelaRound-Regular.ttf
12:05:47.343 [FXGL Background Thread 3 ] DEBUG Engine               - fullScreen: BooleanProperty [value: false]
12:05:47.343 [FXGL Background Thread 3 ] DEBUG Engine               - gameDifficulty: MEDIUM
12:05:47.343 [FXGL Background Thread 3 ] DEBUG Engine               - gameDifficultyProperty: ObjectProperty [value: MEDIUM]
12:05:47.343 [FXGL Background Thread 3 ] DEBUG Engine               - globalMusicVolume: 0.5
12:05:47.343 [FXGL Background Thread 3 ] DEBUG Engine               - globalMusicVolumeProperty: DoubleProperty [value: 0.5]
12:05:47.343 [FXGL Background Thread 3 ] DEBUG Engine               - globalSoundVolume: 0.5
12:05:47.343 [FXGL Background Thread 3 ] DEBUG Engine               - globalSoundVolumeProperty: DoubleProperty [value: 0.5]
12:05:47.344 [FXGL Background Thread 3 ] DEBUG Engine               - height: 600
12:05:47.344 [FXGL Background Thread 3 ] DEBUG Engine               - is3D: false
12:05:47.344 [FXGL Background Thread 3 ] DEBUG Engine               - isAndroid: false
12:05:47.344 [FXGL Background Thread 3 ] DEBUG Engine               - isBrowser: false
12:05:47.344 [FXGL Background Thread 3 ] DEBUG Engine               - isClickFeedbackEnabled: false
12:05:47.344 [FXGL Background Thread 3 ] DEBUG Engine               - isCloseConfirmation: false
12:05:47.344 [FXGL Background Thread 3 ] DEBUG Engine               - isDesktop: true
12:05:47.344 [FXGL Background Thread 3 ] DEBUG Engine               - isDeveloperMenuEnabled: false
12:05:47.344 [FXGL Background Thread 3 ] DEBUG Engine               - isEmbedded: false
12:05:47.345 [FXGL Background Thread 3 ] DEBUG Engine               - isEntityPreloadEnabled: true
12:05:47.345 [FXGL Background Thread 3 ] DEBUG Engine               - isExperimentalTiledLargeMap: false
12:05:47.345 [FXGL Background Thread 3 ] DEBUG Engine               - isFileSystemWriteAllowed: true
12:05:47.345 [FXGL Background Thread 3 ] DEBUG Engine               - isFullScreenAllowed: false
12:05:47.345 [FXGL Background Thread 3 ] DEBUG Engine               - isFullScreenFromStart: false
12:05:47.345 [FXGL Background Thread 3 ] DEBUG Engine               - isGameMenuEnabled: true
12:05:47.345 [FXGL Background Thread 3 ] DEBUG Engine               - isIOS: false
12:05:47.345 [FXGL Background Thread 3 ] DEBUG Engine               - isIntroEnabled: false
12:05:47.345 [FXGL Background Thread 3 ] DEBUG Engine               - isLinux: false
12:05:47.345 [FXGL Background Thread 3 ] DEBUG Engine               - isMac: false
12:05:47.345 [FXGL Background Thread 3 ] DEBUG Engine               - isMainMenuEnabled: false
12:05:47.345 [FXGL Background Thread 3 ] DEBUG Engine               - isManualResizeEnabled: false
12:05:47.345 [FXGL Background Thread 3 ] DEBUG Engine               - isMobile: false
12:05:47.346 [FXGL Background Thread 3 ] DEBUG Engine               - isNative: false
12:05:47.346 [FXGL Background Thread 3 ] DEBUG Engine               - isPauseMusicWhenMinimized: true
12:05:47.346 [FXGL Background Thread 3 ] DEBUG Engine               - isPreserveResizeRatio: false
12:05:47.346 [FXGL Background Thread 3 ] DEBUG Engine               - isProfilingEnabled: false
12:05:47.346 [FXGL Background Thread 3 ] DEBUG Engine               - isScaleAffectedOnResize: true
12:05:47.346 [FXGL Background Thread 3 ] DEBUG Engine               - isSingleStep: false
12:05:47.346 [FXGL Background Thread 3 ] DEBUG Engine               - isUserProfileEnabled: false
12:05:47.346 [FXGL Background Thread 3 ] DEBUG Engine               - isWindows: true
12:05:47.346 [FXGL Background Thread 3 ] DEBUG Engine               - language: ObjectProperty [value: ENGLISH]
12:05:47.346 [FXGL Background Thread 3 ] DEBUG Engine               - menuKey: ESCAPE
12:05:47.346 [FXGL Background Thread 3 ] DEBUG Engine               - mouseSensitivity: 0.2
12:05:47.346 [FXGL Background Thread 3 ] DEBUG Engine               - notificationViewClass: class com.almasb.fxgl.notification.view.XboxNotificationView
12:05:47.346 [FXGL Background Thread 3 ] DEBUG Engine               - pixelsPerMeter: 50.0
12:05:47.346 [FXGL Background Thread 3 ] DEBUG Engine               - platform: WINDOWS
12:05:47.347 [FXGL Background Thread 3 ] DEBUG Engine               - prefHeightProperty: ReadOnlyDoubleProperty [value: 600.0]
12:05:47.347 [FXGL Background Thread 3 ] DEBUG Engine               - prefWidthProperty: ReadOnlyDoubleProperty [value: 800.0]
12:05:47.347 [FXGL Background Thread 3 ] DEBUG Engine               - profileDir: profiles/
12:05:47.347 [FXGL Background Thread 3 ] DEBUG Engine               - profileName: StringProperty [value: DEFAULT]
12:05:47.347 [FXGL Background Thread 3 ] DEBUG Engine               - randomSeed: -1
12:05:47.347 [FXGL Background Thread 3 ] DEBUG Engine               - runtimeInfo: RuntimeInfo(platform=WINDOWS, version=21.1, build=26.03.2024 17.33)
12:05:47.347 [FXGL Background Thread 3 ] DEBUG Engine               - saveFileExt: sav
12:05:47.347 [FXGL Background Thread 3 ] DEBUG Engine               - scaledHeightProp$fxgl: DoubleProperty [bound, value: 600.0]
12:05:47.347 [FXGL Background Thread 3 ] DEBUG Engine               - scaledWidthProp$fxgl: DoubleProperty [bound, value: 800.0]
12:05:47.348 [FXGL Background Thread 3 ] DEBUG Engine               - sceneFactory: com.almasb.fxgl.app.scene.SceneFactory@6890032d
12:05:47.348 [FXGL Background Thread 3 ] DEBUG Engine               - secondsIn24h: 60
12:05:47.348 [FXGL Background Thread 3 ] DEBUG Engine               - soundMenuBack: menu/back.wav
12:05:47.348 [FXGL Background Thread 3 ] DEBUG Engine               - soundMenuPress: menu/press.wav
12:05:47.348 [FXGL Background Thread 3 ] DEBUG Engine               - soundMenuSelect: menu/select.wav
12:05:47.348 [FXGL Background Thread 3 ] DEBUG Engine               - soundNotification: core/notification.wav
12:05:47.348 [FXGL Background Thread 3 ] DEBUG Engine               - stageStyle: DECORATED
12:05:47.348 [FXGL Background Thread 3 ] DEBUG Engine               - supportedLanguages: [ENGLISH, FRENCH, GERMAN, HUNGARIAN, RUSSIAN]
12:05:47.348 [FXGL Background Thread 3 ] DEBUG Engine               - ticksPerSecond: -1
12:05:47.348 [FXGL Background Thread 3 ] DEBUG Engine               - title: FXGL Menu Test
12:05:47.348 [FXGL Background Thread 3 ] DEBUG Engine               - urlGithub: https://github.com/AlmasB/FXGL
12:05:47.348 [FXGL Background Thread 3 ] DEBUG Engine               - urlLeaderboard: http://fxgl-top.herokuapp.com/
12:05:47.348 [FXGL Background Thread 3 ] DEBUG Engine               - urlPOM: https://raw.githubusercontent.com/AlmasB/FXGL/release/README.md
12:05:47.348 [FXGL Background Thread 3 ] DEBUG Engine               - userAppClass: class Main
12:05:47.348 [FXGL Background Thread 3 ] DEBUG Engine               - version: 0.0
12:05:47.348 [FXGL Background Thread 3 ] DEBUG Engine               - versionCheckDays: 7
12:05:47.348 [FXGL Background Thread 3 ] DEBUG Engine               - width: 800
12:05:47.348 [FXGL Background Thread 3 ] DEBUG Engine               - Logging services
12:05:47.349 [FXGL Background Thread 3 ] DEBUG Engine               - class com.almasb.fxgl.app.services.FXGLAssetLoaderService
12:05:47.349 [FXGL Background Thread 3 ] DEBUG Engine               - class com.almasb.fxgl.app.FXGLApplication$GameApplicationService
12:05:47.349 [FXGL Background Thread 3 ] DEBUG Engine               - class com.almasb.fxgl.app.services.FXGLDialogService
12:05:47.349 [FXGL Background Thread 3 ] DEBUG Engine               - class com.almasb.fxgl.app.services.IOTaskExecutorService
12:05:47.349 [FXGL Background Thread 3 ] DEBUG Engine               - class com.almasb.fxgl.io.FileSystemService
12:05:47.349 [FXGL Background Thread 3 ] DEBUG Engine               - class com.almasb.fxgl.localization.LocalizationService
12:05:47.349 [FXGL Background Thread 3 ] DEBUG Engine               - class com.almasb.fxgl.app.services.SystemBundleService
12:05:47.349 [FXGL Background Thread 3 ] DEBUG Engine               - class com.almasb.fxgl.profile.SaveLoadService
12:05:47.349 [FXGL Background Thread 3 ] DEBUG Engine               - class com.almasb.fxgl.ui.FXGLUIFactoryServiceProvider
12:05:47.349 [FXGL Background Thread 3 ] DEBUG Engine               - class com.almasb.fxgl.ui.FXGLDialogFactoryServiceProvider
12:05:47.349 [FXGL Background Thread 3 ] DEBUG Engine               - class com.almasb.fxgl.audio.AudioPlayer
12:05:47.349 [FXGL Background Thread 3 ] DEBUG Engine               - class com.almasb.fxgl.notification.impl.NotificationServiceProvider
12:05:47.349 [FXGL Background Thread 3 ] DEBUG Engine               - class com.almasb.fxgl.achievement.AchievementService
12:05:47.349 [FXGL Background Thread 3 ] DEBUG Engine               - class com.almasb.fxgl.cutscene.CutsceneService
12:05:47.349 [FXGL Background Thread 3 ] DEBUG Engine               - class com.almasb.fxgl.minigames.MiniGameService
12:05:47.350 [FXGL Background Thread 3 ] DEBUG Engine               - class com.almasb.fxgl.net.NetService
12:05:47.350 [FXGL Background Thread 3 ] DEBUG Engine               - class com.almasb.fxgl.app.services.UpdaterService
12:05:47.350 [FXGL Background Thread 3 ] DEBUG Engine               - class com.almasb.fxgl.dev.DevService
12:09:08.660 [JavaFX Application Thread] DEBUG FXGLApplication      - Exiting FXGL
12:09:08.660 [JavaFX Application Thread] DEBUG LoopRunner           - Stopping loop
12:09:08.660 [JavaFX Application Thread] DEBUG SystemBundleService  - Saving FXGL system data
12:09:08.662 [JavaFX Application Thread] DEBUG FileSystemAccess     - Writing to: C:\Java project\IT\system\fxgl.bundle
12:09:08.664 [JavaFX Application Thread] DEBUG Async                - Shutting down background threads
12:09:08.664 [JavaFX Application Thread] DEBUG PrimaryStageWindow   - Closing main window
12:09:08.674 [JavaFX Application Thread] DEBUG Logger               - Closing Logger
