12:19:12.376 [main                     ] DEBUG Logger               - Configured Logger
12:19:12.399 [main                     ] DEBUG GameApplication      - Logging settings
Title: Kill 'Em All
Version: 0.0
Width: 800
Height: 600
Fullscreen: false
Intro: false
Profiling: false
Single step:false
App Mode: DEVELOPER
Menu Key: ESCAPE
Stage Style: DECORATED
Scene Factory: class com.almasb.fxgl.app.scene.SceneFactory

12:19:12.701 [JavaFX Application Thread] DEBUG FXGLApplication      - Initializing FXGL
12:19:12.708 [JavaFX Application Thread] INFO  Engine               - FXGL-21.1 (26.03.2024 17.33) on WINDOWS (J:22.0.2 FX:21.0.8)
12:19:12.709 [JavaFX Application Thread] DEBUG Engine               - JRE Vendor Name: Eclipse Adoptium
12:19:12.709 [JavaFX Application Thread] DEBUG Engine               - Running on OS: Windows 11 version 10.0
12:19:12.709 [JavaFX Application Thread] DEBUG Engine               - Architecture: amd64
12:19:12.710 [JavaFX Application Thread] INFO  Engine               - Source code and latest versions at: https://github.com/AlmasB/FXGL
12:19:12.710 [JavaFX Application Thread] INFO  Engine               -       Ask questions and discuss at: https://github.com/AlmasB/FXGL/discussions
12:19:12.710 [JavaFX Application Thread] INFO  Engine               -              Join the FXGL chat at: https://gitter.im/AlmasB/FXGL
12:19:12.849 [JavaFX Application Thread] DEBUG PrimaryStageWindow   - Creating a JavaFX scene
12:19:12.909 [JavaFX Application Thread] DEBUG PrimaryStageWindow   - Target settings size: 800.0 x 600.0
12:19:12.909 [JavaFX Application Thread] DEBUG PrimaryStageWindow   - Scaled scene size:    800.0 x 600.0
12:19:12.909 [JavaFX Application Thread] DEBUG PrimaryStageWindow   - Scaled ratio: (1.0, 1.0)
12:19:12.910 [JavaFX Application Thread] DEBUG PrimaryStageWindow   - Set initial scene to FXGLStartupScene
12:19:12.914 [JavaFX Application Thread] DEBUG PrimaryStageWindow   - Opening main window
12:19:13.010 [JavaFX Application Thread] DEBUG PrimaryStageWindow   - Window border size: (14.4000244140625, 37.5999755859375)
12:19:13.011 [JavaFX Application Thread] DEBUG PrimaryStageWindow   - Scaled size: 800.0 x 600.0
12:19:13.011 [JavaFX Application Thread] DEBUG PrimaryStageWindow   - Scaled ratio: (1.0, 1.0)
12:19:13.011 [JavaFX Application Thread] DEBUG PrimaryStageWindow   - Scene size: 800.0 x 600.0
12:19:13.012 [JavaFX Application Thread] DEBUG PrimaryStageWindow   - Stage size: 814.4000244140625 x 637.5999755859375
12:19:13.021 [FXGL Background Thread 1 ] DEBUG Engine               - Initializing environment variables
12:19:13.099 [FXGL Background Thread 1 ] DEBUG FXGLAssetLoaderServi - User app class for loading assets: class Main
12:19:13.099 [FXGL Background Thread 1 ] DEBUG GameApplicationServi - Applying CSS: fxgl_dark.css
12:19:13.101 [FXGL Background Thread 1 ] DEBUG FXGLAssetLoaderServi - Loading from file system: jar:file:/C:/Program%20Files/Java/javafx-sdk-21.0.8/lib/fxgl-21.1-uber.jar!/fxglassets/ui/css/fxgl_dark.css
12:19:13.154 [FXGL Background Thread 1 ] DEBUG GameApplicationServi - Initializing application scenes
12:19:13.262 [FXGL Background Thread 1 ] DEBUG GameWorld            - Game world initialized
12:19:13.345 [FXGL Background Thread 1 ] DEBUG PhysicsWorld         - Physics world initialized: appHeight=600, physics.ppm=50.0
12:19:13.345 [FXGL Background Thread 1 ] DEBUG PhysicsWorld         - Using strategy: BRUTE_FORCE
12:19:13.351 [FXGL Background Thread 1 ] DEBUG GameScene            - Game scene initialized: 800x600
12:19:13.364 [FXGL Background Thread 1 ] DEBUG FXGL.DefaultMenu     - createMenuBodyGameMenu()
12:19:13.380 [FXGL Background Thread 1 ] DEBUG FXGL.DefaultMenu     - createOptionsMenu()
12:19:13.390 [FXGL Background Thread 1 ] DEBUG FXGLAssetLoaderServi - Loading from file system: jar:file:/C:/Program%20Files/Java/javafx-sdk-21.0.8/lib/fxgl-21.1-uber.jar!/fxglassets/textures/particles/smoke.png
12:19:13.491 [FXGL Background Thread 1 ] DEBUG FXGLAssetLoaderServi - Loading from file system: jar:file:/C:/Program%20Files/Java/javafx-sdk-21.0.8/lib/fxgl-21.1-uber.jar!/fxglassets/textures/particles/trace_horizontal.png
12:19:13.534 [FXGL Background Thread 1 ] DEBUG GameApplicationServi - Application scenes initialized
12:19:13.549 [FXGL Background Thread 1 ] DEBUG SystemBundleService  - Loading FXGL system data
12:19:13.554 [FXGL Background Thread 1 ] DEBUG FileSystemAccess     - Reading from: C:\Java project\IT\system\fxgl.bundle
12:19:13.562 [FXGL Background Thread 1 ] DEBUG SystemBundleService  - Bundle FXGL: {}
12:19:13.562 [FXGL Background Thread 1 ] DEBUG UpdaterService       - Checking for updates
12:19:13.566 [FXGL Background Thread 4 ] DEBUG FXGLApplication      - Loading fonts
12:19:13.567 [FXGL Background Thread 4 ] DEBUG FXGLAssetLoaderServi - Loading from file system: jar:file:/C:/Program%20Files/Java/javafx-sdk-21.0.8/lib/fxgl-21.1-uber.jar!/fxglassets/ui/fonts/VarelaRound-Regular.ttf
12:19:13.567 [FXGL Background Thread 1 ] DEBUG FXGLApplication      - Loading default localization
12:19:13.569 [FXGL Background Thread 1 ] DEBUG FXGLAssetLoaderServi - Loading from file system: jar:file:/C:/Program%20Files/Java/javafx-sdk-21.0.8/lib/fxgl-21.1-uber.jar!/fxglassets/languages/english.lang
12:19:13.588 [FXGL Background Thread 1 ] INFO  FXGLApplication      - FXGL initialization took: 0.567 sec
12:19:13.589 [JavaFX Application Thread] DEBUG FXGLAssetLoaderServi - Loading from file system: jar:file:/C:/Program%20Files/Java/javafx-sdk-21.0.8/lib/fxgl-21.1-uber.jar!/fxglassets/textures/fxgl_icon.png
12:19:13.613 [JavaFX Application Thread] DEBUG FXGLAssetLoaderServi - Loading from file system: jar:file:/C:/Program%20Files/Java/javafx-sdk-21.0.8/lib/fxgl-21.1-uber.jar!/fxglassets/textures/fxgl_default_cursor.png
12:19:13.631 [JavaFX Application Thread] DEBUG Input                - Registered new binding: Screenshot - CTRL+8
12:19:13.632 [JavaFX Application Thread] DEBUG Input                - Registered new binding: System info dump - CTRL+9
12:19:13.633 [JavaFX Application Thread] DEBUG Input                - Registered new binding: Restart - CTRL+R
12:19:13.635 [JavaFX Application Thread] DEBUG Input                - Registered new binding: Toggle Debug Camera - CTRL+7
12:19:13.640 [JavaFX Application Thread] DEBUG LoopRunner           - Starting loop
12:19:13.640 [JavaFX Application Thread] DEBUG LoopRunner           - Initializing JavaFX AnimationTimerLoop
12:19:13.643 [JavaFX Application Thread] DEBUG GameApplicationServi - Starting new game
12:19:13.643 [JavaFX Application Thread] DEBUG Input                - Clearing active input actions
12:19:13.661 [JavaFX Application Thread] DEBUG GameApplicationServi - Removing overlay from FXGLStartupScene and adding to FXGLLoadingScene
12:19:13.661 [JavaFX Application Thread] DEBUG PrimaryStageWindow   - FXGLStartupScene -> FXGLLoadingScene
12:19:13.661 [JavaFX Application Thread] DEBUG GameApplicationServi - Clearing previous game
12:19:13.663 [JavaFX Application Thread] DEBUG GameScene            - Clearing game scene
12:19:13.663 [JavaFX Application Thread] DEBUG GameWorld            - Clearing game world
12:19:13.663 [JavaFX Application Thread] DEBUG PhysicsWorld         - Clearing physics world
12:19:13.665 [FXGL Background Thread 1 ] DEBUG FXGLApplication      - Initializing game
12:19:13.668 [FXGL Background Thread 4 ] DEBUG FXGLAssetLoaderServi - Loading from file system: jar:file:/C:/Program%20Files/Java/javafx-sdk-21.0.8/lib/fxgl-21.1-uber.jar!/fxglassets/ui/fonts/Abel-Regular.ttf
12:19:13.669 [FXGL Background Thread 1 ] INFO  FXGLApplication      - Game initialization took: 0.004 sec
12:19:13.688 [FXGL Background Thread 4 ] DEBUG FXGLAssetLoaderServi - Loading from file system: jar:file:/C:/Program%20Files/Java/javafx-sdk-21.0.8/lib/fxgl-21.1-uber.jar!/fxglassets/ui/fonts/TerminalLandMono-Regular.otf
12:19:13.709 [FXGL Background Thread 4 ] DEBUG FXGLAssetLoaderServi - Loading from file system: jar:file:/C:/Program%20Files/Java/javafx-sdk-21.0.8/lib/fxgl-21.1-uber.jar!/fxglassets/ui/fonts/Courier-Prime.ttf
12:19:13.728 [JavaFX Application Thread] DEBUG Input                - Clearing active input actions
12:19:13.744 [JavaFX Application Thread] DEBUG GameApplicationServi - Removing overlay from FXGLLoadingScene and adding to GameScene
12:19:13.744 [JavaFX Application Thread] DEBUG PrimaryStageWindow   - FXGLLoadingScene -> GameScene
12:19:13.746 [JavaFX Application Thread] DEBUG FXGLApplication      - Registering font factories with UI factory
12:19:15.862 [JavaFX Application Thread] DEBUG FXGLApplication      - Exiting FXGL
12:19:15.862 [JavaFX Application Thread] DEBUG LoopRunner           - Stopping loop
12:19:15.862 [JavaFX Application Thread] DEBUG SystemBundleService  - Saving FXGL system data
12:19:15.864 [JavaFX Application Thread] DEBUG FileSystemAccess     - Writing to: C:\Java project\IT\system\fxgl.bundle
12:19:15.866 [JavaFX Application Thread] DEBUG Async                - Shutting down background threads
12:19:15.866 [JavaFX Application Thread] DEBUG PrimaryStageWindow   - Closing main window
12:19:15.880 [JavaFX Application Thread] DEBUG Logger               - Closing Logger
